[debug] [2018-01-11T12:45:41.743Z] ----------------------------------------------------------------------
[debug] [2018-01-11T12:45:41.745Z] Command:       C:\Program Files\nodejs\node.exe C:\Program Files\nodejs\node_modules\firebase-tools\bin\firebase serve
[debug] [2018-01-11T12:45:41.745Z] CLI Version:   3.16.0
[debug] [2018-01-11T12:45:41.745Z] Platform:      win32
[debug] [2018-01-11T12:45:41.745Z] Node Version:  v8.4.0
[debug] [2018-01-11T12:45:41.747Z] Time:          Thu Jan 11 2018 18:15:41 GMT+0530 (India Standard Time)
[debug] [2018-01-11T12:45:41.747Z] ----------------------------------------------------------------------
[debug] 
[debug] [2018-01-11T12:45:41.762Z] > command requires scopes: ["email","openid","https://www.googleapis.com/auth/cloudplatformprojects.readonly","https://www.googleapis.com/auth/firebase","https://www.googleapis.com/auth/cloud-platform"]
[debug] [2018-01-11T12:45:41.762Z] > authorizing via signed-in user
[debug] [2018-01-11T12:45:41.765Z] >>> HTTP REQUEST GET https://admin.firebase.com/v1/projects/myawesomeproject-3a27f  
  
 Thu Jan 11 2018 18:15:41 GMT+0530 (India Standard Time)
[debug] [2018-01-11T12:45:44.115Z] <<< HTTP RESPONSE 200
[debug] [2018-01-11T12:45:44.116Z] >>> HTTP REQUEST GET https://admin.firebase.com/v1/database/myawesomeproject-3a27f/tokens  
  
 Thu Jan 11 2018 18:15:44 GMT+0530 (India Standard Time)
[debug] [2018-01-11T12:45:46.021Z] <<< HTTP RESPONSE 200
[info] 
[info] === Serving from 'D:\Why So Serious\firebaseauth'...
[info] 
[debug] [2018-01-11T12:45:46.030Z] >>> HTTP REQUEST GET https://cloudresourcemanager.googleapis.com/v1/projects/myawesomeproject-3a27f  
  
 Thu Jan 11 2018 18:15:46 GMT+0530 (India Standard Time)
[debug] [2018-01-11T12:45:47.716Z] <<< HTTP RESPONSE 200
[debug] [2018-01-11T12:45:47.719Z] >>> HTTP REQUEST GET https://mobilesdk-pa.googleapis.com/v1/projects/500805330974/clients/_:getWebAppConfig  
  
 Thu Jan 11 2018 18:15:47 GMT+0530 (India Standard Time)
[debug] [2018-01-11T12:45:48.764Z] <<< HTTP RESPONSE 200
[info] i  hosting: Serving hosting files from: public
[info] +  hosting: Local server: http://localhost:5000

[debug] [2018-01-11T12:47:04.718Z] ----------------------------------------------------------------------
[debug] [2018-01-11T12:47:04.725Z] Command:       C:\Program Files\nodejs\node.exe C:\Program Files\nodejs\node_modules\firebase-tools\bin\firebase serve
[debug] [2018-01-11T12:47:04.725Z] CLI Version:   3.16.0
[debug] [2018-01-11T12:47:04.725Z] Platform:      win32
[debug] [2018-01-11T12:47:04.725Z] Node Version:  v8.4.0
[debug] [2018-01-11T12:47:04.725Z] Time:          Thu Jan 11 2018 18:17:04 GMT+0530 (India Standard Time)
[debug] [2018-01-11T12:47:04.725Z] ----------------------------------------------------------------------
[debug] 
[debug] [2018-01-11T12:47:04.735Z] > command requires scopes: ["email","openid","https://www.googleapis.com/auth/cloudplatformprojects.readonly","https://www.googleapis.com/auth/firebase","https://www.googleapis.com/auth/cloud-platform"]
[debug] [2018-01-11T12:47:04.735Z] > authorizing via signed-in user
[debug] [2018-01-11T12:47:04.738Z] >>> HTTP REQUEST GET https://admin.firebase.com/v1/projects/myawesomeproject-3a27f  
  
 Thu Jan 11 2018 18:17:04 GMT+0530 (India Standard Time)
[debug] [2018-01-11T12:47:06.987Z] <<< HTTP RESPONSE 200
[debug] [2018-01-11T12:47:06.987Z] >>> HTTP REQUEST GET https://admin.firebase.com/v1/database/myawesomeproject-3a27f/tokens  
  
 Thu Jan 11 2018 18:17:06 GMT+0530 (India Standard Time)
[debug] [2018-01-11T12:47:08.776Z] <<< HTTP RESPONSE 200
[info] 
[info] === Serving from 'D:\Why So Serious\firebaseauth'...
[info] 
[debug] [2018-01-11T12:47:08.776Z] >>> HTTP REQUEST GET https://cloudresourcemanager.googleapis.com/v1/projects/myawesomeproject-3a27f  
  
 Thu Jan 11 2018 18:17:08 GMT+0530 (India Standard Time)
[debug] [2018-01-11T12:47:10.504Z] <<< HTTP RESPONSE 200
[debug] [2018-01-11T12:47:10.505Z] >>> HTTP REQUEST GET https://mobilesdk-pa.googleapis.com/v1/projects/500805330974/clients/_:getWebAppConfig  
  
 Thu Jan 11 2018 18:17:10 GMT+0530 (India Standard Time)
[debug] [2018-01-11T12:47:11.462Z] <<< HTTP RESPONSE 200
[info] i  hosting: Serving hosting files from: public
[info] +  hosting: Local server: http://localhost:5000

[info] Shutting down...
